<?xml version="1.0" encoding="UTF-8"?>
<testng-results skipped="0" failed="0" total="1" passed="1">
  <reporter-output>
  </reporter-output>
  <suite name="Default suite" duration-ms="17037" started-at="2017-11-19T22:59:07Z" finished-at="2017-11-19T22:59:24Z">
    <groups>
    </groups>
    <test name="Default test" duration-ms="17037" started-at="2017-11-19T22:59:07Z" finished-at="2017-11-19T22:59:24Z">
      <class name="compliance_Homepage.userLoginvalidation">
        <test-method status="PASS" signature="user_Loginvalidation()[pri:0, instance:compliance_Homepage.userLoginvalidation@4d3167f4]" name="user_Loginvalidation" duration-ms="17002" started-at="2017-11-19T23:59:07Z" finished-at="2017-11-19T23:59:24Z">
          <reporter-output>
          </reporter-output>
        </test-method> <!-- user_Loginvalidation -->
      </class> <!-- compliance_Homepage.userLoginvalidation -->
    </test> <!-- Default test -->
  </suite> <!-- Default suite -->
</testng-results>
